Build started 4/5/2014 5:56:52 PM.
     1>Project "C:\Users\Todandict\Documents\GitHub\GJSpringTeam4\SpringGameJam\SpringGameJam\SpringGameJam.vcxproj" on node 2 (build target(s)).
     1>InitializeBuildStatus:
         Touching "Debug\SpringGameJam.unsuccessfulbuild".
       ClCompile:
         All outputs are up-to-date.
       ManifestResourceCompile:
         All outputs are up-to-date.
       Link:
         C:\Program Files (x86)\Microsoft Visual Studio 10.0\VC\bin\link.exe /ERRORREPORT:PROMPT /OUT:"C:\Users\Todandict\Documents\GitHub\GJSpringTeam4\SpringGameJam\Debug\SpringGameJam.exe" /INCREMENTAL /NOLOGO /LIBPATH:"../SFML-2.1/lib" "sfml-graphics-s-d.lib" "sfml-window-s-d.lib" "sfml-system-s-d.lib" kernel32.lib user32.lib gdi32.lib winspool.lib comdlg32.lib advapi32.lib shell32.lib ole32.lib oleaut32.lib uuid.lib odbc32.lib odbccp32.lib /MANIFEST /ManifestFile:"Debug\SpringGameJam.exe.intermediate.manifest" /MANIFESTUAC:"level='asInvoker' uiAccess='false'" /DEBUG /PDB:"C:\Users\Todandict\Documents\GitHub\GJSpringTeam4\SpringGameJam\Debug\SpringGameJam.pdb" /SUBSYSTEM:CONSOLE /TLBID:1 /DYNAMICBASE /NXCOMPAT /IMPLIB:"C:\Users\Todandict\Documents\GitHub\GJSpringTeam4\SpringGameJam\Debug\SpringGameJam.lib" /MACHINE:X86 Debug\SpringGameJam.exe.embed.manifest.res
         Debug\BaseNPC.obj
         Debug\Engine.obj
         Debug\Entity.obj
         Debug\Globals.obj
         Debug\Main.obj
         Debug\Spawner.obj
         Debug\Weather.obj
         Debug\Wrath.obj
     1>Engine.obj : error LNK2019: unresolved external symbol "public: __thiscall World::World(void)" (??0World@@QAE@XZ) referenced in function "public: __thiscall Engine::Engine(void)" (??0Engine@@QAE@XZ)
     1>Engine.obj : error LNK2019: unresolved external symbol "public: __thiscall World::~World(void)" (??1World@@QAE@XZ) referenced in function "public: void * __thiscall World::`scalar deleting destructor'(unsigned int)" (??_GWorld@@QAEPAXI@Z)
     1>Engine.obj : error LNK2019: unresolved external symbol "public: void __thiscall World::handleInput(void)" (?handleInput@World@@QAEXXZ) referenced in function "public: void __thiscall Engine::handleInput(void)" (?handleInput@Engine@@QAEXXZ)
     1>Engine.obj : error LNK2019: unresolved external symbol "public: void __thiscall World::update(float)" (?update@World@@QAEXM@Z) referenced in function "public: void __thiscall Engine::update(void)" (?update@Engine@@QAEXXZ)
     1>Engine.obj : error LNK2019: unresolved external symbol "public: void __thiscall World::draw(class sf::RenderWindow *)" (?draw@World@@QAEXPAVRenderWindow@sf@@@Z) referenced in function "public: void __thiscall Engine::draw(void)" (?draw@Engine@@QAEXXZ)
     1>C:\Users\Todandict\Documents\GitHub\GJSpringTeam4\SpringGameJam\Debug\SpringGameJam.exe : fatal error LNK1120: 5 unresolved externals
     1>Done Building Project "C:\Users\Todandict\Documents\GitHub\GJSpringTeam4\SpringGameJam\SpringGameJam\SpringGameJam.vcxproj" (build target(s)) -- FAILED.

Build FAILED.

Time Elapsed 00:00:00.18
